
INFO:root:Algoritms: Minimaksa
INFO:root:Sakuma skaitlis: 25
INFO:root:Gajiena laiks 0.060 ms, Apmekletas virsotnes 40
INFO:root:Gajiena laiks 0.063 ms, Apmekletas virsotnes 40
INFO:root:Gajiena laiks 0.035 ms, Apmekletas virsotnes 37
INFO:root:Gajiena laiks 0.012 ms, Apmekletas virsotnes 4
INFO:root:Uzvareja speletajs
INFO:root:Spele beidzas
INFO:root:Algoritms: Minimaksa
INFO:root:Sakuma skaitlis: 20
INFO:root:Gajiena laiks 0.078 ms, Apmekletas virsotnes 40
INFO:root:Gajiena laiks 0.064 ms, Apmekletas virsotnes 40
INFO:root:Gajiena laiks 0.038 ms, Apmekletas virsotnes 40
INFO:root:Gajiena laiks 0.016 ms, Apmekletas virsotnes 7
INFO:root:Uzvareja speletajs
INFO:root:Spele beidzas
INFO:root:Algoritms: Minimaksa
INFO:root:Sakuma skaitlis: 21
INFO:root:Gajiena laiks 0.080 ms, Apmekletas virsotnes 40
INFO:root:Gajiena laiks 0.051 ms, Apmekletas virsotnes 40
INFO:root:Gajiena laiks 0.035 ms, Apmekletas virsotnes 40
INFO:root:Gajiena laiks 0.015 ms, Apmekletas virsotnes 4
INFO:root:Uzvareja speletajs
INFO:root:Spele beidzas
INFO:root:Algoritms: Minimaksa
INFO:root:Sakuma skaitlis: 22
INFO:root:Gajiena laiks 0.095 ms, Apmekletas virsotnes 40
INFO:root:Gajiena laiks 0.051 ms, Apmekletas virsotnes 40
INFO:root:Gajiena laiks 0.047 ms, Apmekletas virsotnes 40
INFO:root:Gajiena laiks 0.012 ms, Apmekletas virsotnes 4
INFO:root:Uzvareja speletajs
INFO:root:Spele beidzas
INFO:root:Algoritms: Minimaksa
INFO:root:Sakuma skaitlis: 23
INFO:root:Gajiena laiks 0.071 ms, Apmekletas virsotnes 40
INFO:root:Gajiena laiks 0.049 ms, Apmekletas virsotnes 40
INFO:root:Gajiena laiks 0.035 ms, Apmekletas virsotnes 37
INFO:root:Gajiena laiks 0.014 ms, Apmekletas virsotnes 4
INFO:root:Uzvareja speletajs
INFO:root:Spele beidzas
INFO:root:Algoritms: Minimaksa
INFO:root:Sakuma skaitlis: 24
INFO:root:Gajiena laiks 0.068 ms, Apmekletas virsotnes 40
INFO:root:Gajiena laiks 0.051 ms, Apmekletas virsotnes 40
INFO:root:Gajiena laiks 0.035 ms, Apmekletas virsotnes 37
INFO:root:Gajiena laiks 0.013 ms, Apmekletas virsotnes 4
INFO:root:Uzvareja speletajs
INFO:root:Spele beidzas
INFO:root:Algoritms: Minimaksa
INFO:root:Sakuma skaitlis: 26
INFO:root:Gajiena laiks 0.054 ms, Apmekletas virsotnes 40
INFO:root:Gajiena laiks 0.057 ms, Apmekletas virsotnes 40
INFO:root:Gajiena laiks 0.045 ms, Apmekletas virsotnes 40
INFO:root:Gajiena laiks 0.018 ms, Apmekletas virsotnes 10
INFO:root:Uzvareja dators
INFO:root:Spele beidzas
INFO:root:Algoritms: Minimaksa
INFO:root:Sakuma skaitlis: 27
INFO:root:Gajiena laiks 0.057 ms, Apmekletas virsotnes 40
INFO:root:Gajiena laiks 0.051 ms, Apmekletas virsotnes 40
INFO:root:Gajiena laiks 0.046 ms, Apmekletas virsotnes 40
INFO:root:Gajiena laiks 0.017 ms, Apmekletas virsotnes 10
INFO:root:Uzvareja dators
INFO:root:Spele beidzas
INFO:root:Algoritms: Minimaksa
INFO:root:Sakuma skaitlis: 28
INFO:root:Gajiena laiks 0.053 ms, Apmekletas virsotnes 40
INFO:root:Gajiena laiks 0.050 ms, Apmekletas virsotnes 40
INFO:root:Gajiena laiks 0.041 ms, Apmekletas virsotnes 40
INFO:root:Gajiena laiks 0.015 ms, Apmekletas virsotnes 7
INFO:root:Uzvareja dators
INFO:root:Spele beidzas
INFO:root:Algoritms: Minimaksa
INFO:root:Sakuma skaitlis: 29
INFO:root:Gajiena laiks 0.060 ms, Apmekletas virsotnes 40
INFO:root:Gajiena laiks 0.048 ms, Apmekletas virsotnes 40
INFO:root:Gajiena laiks 0.049 ms, Apmekletas virsotnes 40
INFO:root:Gajiena laiks 0.016 ms, Apmekletas virsotnes 7
INFO:root:Uzvareja dators
INFO:root:Spele beidzas
INFO:root:Algoritms: Minimaksa
INFO:root:Sakuma skaitlis: 30
INFO:root:Gajiena laiks 0.062 ms, Apmekletas virsotnes 40
INFO:root:Gajiena laiks 0.050 ms, Apmekletas virsotnes 40
INFO:root:Gajiena laiks 0.047 ms, Apmekletas virsotnes 40
INFO:root:Gajiena laiks 0.019 ms, Apmekletas virsotnes 13
INFO:root:Uzvareja dators
INFO:root:Spele beidzas
INFO:root:Algoritms: Alfa-Beta
INFO:root:Sakuma skaitlis: 20
INFO:root:Gajiena laiks 0.066 ms, Apmekletas virsotnes 20
INFO:root:Gajiena laiks 0.079 ms, Apmekletas virsotnes 20
INFO:root:Gajiena laiks 0.045 ms, Apmekletas virsotnes 20
INFO:root:Gajiena laiks 0.021 ms, Apmekletas virsotnes 7
INFO:root:Uzvareja speletajs
INFO:root:Spele beidzas
INFO:root:Algoritms: Alfa-Beta
INFO:root:Sakuma skaitlis: 21
INFO:root:Gajiena laiks 0.068 ms, Apmekletas virsotnes 20
INFO:root:Gajiena laiks 0.066 ms, Apmekletas virsotnes 20
INFO:root:Gajiena laiks 0.042 ms, Apmekletas virsotnes 20
INFO:root:Gajiena laiks 0.018 ms, Apmekletas virsotnes 4
INFO:root:Uzvareja speletajs
INFO:root:Spele beidzas
INFO:root:Algoritms: Alfa-Beta
INFO:root:Sakuma skaitlis: 22
INFO:root:Gajiena laiks 0.061 ms, Apmekletas virsotnes 36
INFO:root:Gajiena laiks 0.057 ms, Apmekletas virsotnes 20
INFO:root:Gajiena laiks 0.052 ms, Apmekletas virsotnes 20
INFO:root:Gajiena laiks 0.029 ms, Apmekletas virsotnes 9
INFO:root:Uzvareja dators
INFO:root:Spele beidzas
INFO:root:Algoritms: Alfa-Beta
INFO:root:Sakuma skaitlis: 23
INFO:root:Gajiena laiks 0.066 ms, Apmekletas virsotnes 36
INFO:root:Gajiena laiks 0.062 ms, Apmekletas virsotnes 20
INFO:root:Gajiena laiks 0.049 ms, Apmekletas virsotnes 20
INFO:root:Gajiena laiks 0.026 ms, Apmekletas virsotnes 8
INFO:root:Uzvareja dators
INFO:root:Spele beidzas
INFO:root:Algoritms: Alfa-Beta
INFO:root:Sakuma skaitlis: 24
INFO:root:Gajiena laiks 0.063 ms, Apmekletas virsotnes 36
INFO:root:Gajiena laiks 0.072 ms, Apmekletas virsotnes 20
INFO:root:Gajiena laiks 0.049 ms, Apmekletas virsotnes 20
INFO:root:Gajiena laiks 0.022 ms, Apmekletas virsotnes 8
INFO:root:Uzvareja dators
INFO:root:Spele beidzas
INFO:root:Algoritms: Alfa-Beta
INFO:root:Sakuma skaitlis: 25
INFO:root:Gajiena laiks 0.061 ms, Apmekletas virsotnes 20
INFO:root:Gajiena laiks 0.075 ms, Apmekletas virsotnes 20
INFO:root:Gajiena laiks 0.050 ms, Apmekletas virsotnes 20
INFO:root:Gajiena laiks 0.024 ms, Apmekletas virsotnes 9
INFO:root:Uzvareja dators
INFO:root:Spele beidzas
INFO:root:Algoritms: Alfa-Beta
INFO:root:Sakuma skaitlis: 26
INFO:root:Gajiena laiks 0.098 ms, Apmekletas virsotnes 36
INFO:root:Gajiena laiks 0.071 ms, Apmekletas virsotnes 20
INFO:root:Gajiena laiks 0.064 ms, Apmekletas virsotnes 20
INFO:root:Gajiena laiks 0.020 ms, Apmekletas virsotnes 8
INFO:root:Uzvareja dators
INFO:root:Spele beidzas
INFO:root:Algoritms: Alfa-Beta
INFO:root:Sakuma skaitlis: 27
INFO:root:Gajiena laiks 0.093 ms, Apmekletas virsotnes 36
INFO:root:Gajiena laiks 0.054 ms, Apmekletas virsotnes 20
INFO:root:Gajiena laiks 0.052 ms, Apmekletas virsotnes 20
INFO:root:Gajiena laiks 0.028 ms, Apmekletas virsotnes 8
INFO:root:Uzvareja dators
INFO:root:Spele beidzas
INFO:root:Algoritms: Alfa-Beta
INFO:root:Sakuma skaitlis: 28
INFO:root:Gajiena laiks 0.069 ms, Apmekletas virsotnes 36
INFO:root:Gajiena laiks 0.057 ms, Apmekletas virsotnes 20
INFO:root:Gajiena laiks 0.052 ms, Apmekletas virsotnes 20
INFO:root:Gajiena laiks 0.021 ms, Apmekletas virsotnes 7
INFO:root:Uzvareja dators
INFO:root:Spele beidzas
INFO:root:Algoritms: Alfa-Beta
INFO:root:Sakuma skaitlis: 29
INFO:root:Gajiena laiks 0.086 ms, Apmekletas virsotnes 36
INFO:root:Gajiena laiks 0.065 ms, Apmekletas virsotnes 20
INFO:root:Gajiena laiks 0.046 ms, Apmekletas virsotnes 20
INFO:root:Gajiena laiks 0.022 ms, Apmekletas virsotnes 7
INFO:root:Uzvareja dators
INFO:root:Spele beidzas
INFO:root:Algoritms: Alfa-Beta
INFO:root:Sakuma skaitlis: 30
INFO:root:Gajiena laiks 0.075 ms, Apmekletas virsotnes 20
INFO:root:Gajiena laiks 0.063 ms, Apmekletas virsotnes 20
INFO:root:Gajiena laiks 0.047 ms, Apmekletas virsotnes 20
INFO:root:Gajiena laiks 0.031 ms, Apmekletas virsotnes 9
INFO:root:Uzvareja dators
INFO:root:Spele beidzas
